
> blogger@0.0.0 start /home/bitnami/blogger
> node ./bin/www


> blogger@0.0.0 start /home/bitnami/blogger
> node ./bin/www

[0mGET / [36m304 [0m12.113 ms - -[0m
[0mGET /stylesheets/style.css [36m304 [0m1.582 ms - -[0m
[0mGET / [36m304 [0m1.398 ms - -[0m
[0mGET /stylesheets/style.css [36m304 [0m0.342 ms - -[0m
[0mGET / [36m304 [0m0.761 ms - -[0m
[0mGET /stylesheets/style.css [36m304 [0m0.250 ms - -[0m
[0mGET /bloglist [36m304 [0m1.220 ms - -[0m
[0mGET /stylesheets/style.css [36m304 [0m0.278 ms - -[0m
[0mGET /blogadd [36m304 [0m1.129 ms - -[0m
[0mGET /stylesheets/style.css [36m304 [0m0.327 ms - -[0m
[0mGET /bloglist [36m304 [0m1.100 ms - -[0m
[0mGET /stylesheets/style.css [36m304 [0m0.257 ms - -[0m
[0mGET / [36m304 [0m0.816 ms - -[0m
[0mGET /stylesheets/style.css [36m304 [0m0.266 ms - -[0m
[0mGET /bloglist [36m304 [0m0.848 ms - -[0m
[0mGET /stylesheets/style.css [36m304 [0m0.330 ms - -[0m
[0mGET /blogadd [36m304 [0m1.002 ms - -[0m
[0mGET /stylesheets/style.css [36m304 [0m0.283 ms - -[0m
[0mGET /bloglist [36m304 [0m0.825 ms - -[0m
[0mGET /stylesheets/style.css [36m304 [0m0.244 ms - -[0m
[0mGET / [36m304 [0m0.791 ms - -[0m
[0mGET /stylesheets/style.css [36m304 [0m0.289 ms - -[0m
[0mGET /bloglist [36m304 [0m0.794 ms - -[0m
[0mGET /stylesheets/style.css [36m304 [0m0.373 ms - -[0m
[0mGET /blogadd [36m304 [0m0.801 ms - -[0m
[0mGET /stylesheets/style.css [36m304 [0m0.294 ms - -[0m
[0mGET /bloglist [36m304 [0m0.772 ms - -[0m
[0mGET /stylesheets/style.css [36m304 [0m0.291 ms - -[0m
[0mGET / [36m304 [0m0.792 ms - -[0m
[0mGET /stylesheets/style.css [36m304 [0m0.386 ms - -[0m
[0mGET /bloglist [36m304 [0m0.791 ms - -[0m
[0mGET /stylesheets/style.css [36m304 [0m0.266 ms - -[0m
[0mGET /blogadd [36m304 [0m0.779 ms - -[0m
[0mGET /stylesheets/style.css [36m304 [0m0.235 ms - -[0m
[0mGET / [36m304 [0m0.796 ms - -[0m
[0mGET /stylesheets/style.css [36m304 [0m0.260 ms - -[0m
[0mGET / [36m304 [0m0.720 ms - -[0m
[0mGET /stylesheets/style.css [36m304 [0m0.294 ms - -[0m
[0mGET / [36m304 [0m0.645 ms - -[0m
[0mGET /stylesheets/style.css [36m304 [0m0.245 ms - -[0m
[0mGET / [36m304 [0m0.748 ms - -[0m
[0mGET /stylesheets/style.css [36m304 [0m0.283 ms - -[0m
[0mGET /bloglist [36m304 [0m0.789 ms - -[0m
[0mGET /stylesheets/style.css [36m304 [0m0.299 ms - -[0m
[0mGET /blogadd [36m304 [0m0.753 ms - -[0m
[0mGET /stylesheets/style.css [36m304 [0m0.251 ms - -[0m
[0mGET /bloglist [36m304 [0m0.772 ms - -[0m
[0mGET /stylesheets/style.css [36m304 [0m0.234 ms - -[0m
[0mGET /blogadd [36m304 [0m0.753 ms - -[0m
[0mGET /stylesheets/style.css [36m304 [0m0.255 ms - -[0m
[0mGET /bloglist [36m304 [0m0.792 ms - -[0m
[0mGET /stylesheets/style.css [36m304 [0m2.359 ms - -[0m
[0mGET /blogadd [36m304 [0m0.728 ms - -[0m
[0mGET /stylesheets/style.css [36m304 [0m0.225 ms - -[0m
[0mGET /bloglist [36m304 [0m0.787 ms - -[0m
[0mGET /stylesheets/style.css [36m304 [0m0.275 ms - -[0m
[0mGET /blogadd [36m304 [0m0.855 ms - -[0m
[0mGET /stylesheets/style.css [36m304 [0m0.263 ms - -[0m
[0mGET /bloglist [36m304 [0m0.742 ms - -[0m
[0mGET /stylesheets/style.css [36m304 [0m0.244 ms - -[0m
[0mGET / [36m304 [0m0.705 ms - -[0m
[0mGET /stylesheets/style.css [36m304 [0m0.244 ms - -[0m
[0mGET / [32m200 [0m0.957 ms - 389[0m
[0mGET /stylesheets/style.css [32m200 [0m2.466 ms - 399[0m
[0mGET /favicon.ico [33m404 [0m2.022 ms - 906[0m
[0mGET / [36m304 [0m0.780 ms - -[0m
[0mGET /stylesheets/style.css [32m200 [0m0.708 ms - 399[0m
[0mGET /bloglist [32m200 [0m0.764 ms - 398[0m
[0mGET /stylesheets/style.css [36m304 [0m0.416 ms - -[0m
[0mGET /blogadd [32m200 [0m0.750 ms - 395[0m
[0mGET /stylesheets/style.css [36m304 [0m0.378 ms - -[0m
[0mGET /bloglist [36m304 [0m0.753 ms - -[0m
[0mGET /stylesheets/style.css [36m304 [0m0.364 ms - -[0m
[0mGET /blogadd [36m304 [0m0.749 ms - -[0m
[0mGET /stylesheets/style.css [36m304 [0m0.360 ms - -[0m
[0mGET /bloglist [36m304 [0m0.767 ms - -[0m
[0mGET /stylesheets/style.css [36m304 [0m0.364 ms - -[0m
[0mGET /blogadd [36m304 [0m0.768 ms - -[0m
[0mGET /stylesheets/style.css [36m304 [0m0.386 ms - -[0m
[0mGET /bloglist [36m304 [0m0.741 ms - -[0m
[0mGET /stylesheets/style.css [36m304 [0m0.378 ms - -[0m
[0mGET / [36m304 [0m0.754 ms - -[0m
[0mGET /stylesheets/style.css [36m304 [0m0.368 ms - -[0m
[0mGET /bloglist [36m304 [0m1.305 ms - -[0m
[0mGET /stylesheets/style.css [36m304 [0m0.357 ms - -[0m
[0mGET /blogadd [36m304 [0m0.763 ms - -[0m
[0mGET /stylesheets/style.css [36m304 [0m0.352 ms - -[0m
[0mGET /bloglist [36m304 [0m0.737 ms - -[0m
[0mGET /stylesheets/style.css [36m304 [0m0.357 ms - -[0m
[0mGET /blogadd [36m304 [0m0.743 ms - -[0m
[0mGET /stylesheets/style.css [36m304 [0m0.354 ms - -[0m
[0mGET / [36m304 [0m0.833 ms - -[0m
[0mGET /stylesheets/style.css [36m304 [0m0.286 ms - -[0m
[0mGET / [36m304 [0m0.768 ms - -[0m
[0mGET /stylesheets/style.css [36m304 [0m0.292 ms - -[0m
[0mGET /bloglist [36m304 [0m0.742 ms - -[0m
[0mGET /stylesheets/style.css [36m304 [0m0.342 ms - -[0m
[0mGET /blogadd [36m304 [0m0.770 ms - -[0m
[0mGET /stylesheets/style.css [36m304 [0m0.264 ms - -[0m
[0mGET /bloglist [36m304 [0m0.786 ms - -[0m
[0mGET /stylesheets/style.css [36m304 [0m0.323 ms - -[0m
[0mGET / [36m304 [0m0.742 ms - -[0m
[0mGET /stylesheets/style.css [36m304 [0m0.319 ms - -[0m
[0mGET /bloglist [36m304 [0m0.729 ms - -[0m
[0mGET /stylesheets/style.css [36m304 [0m0.877 ms - -[0m
[0mGET /blogadd [36m304 [0m1.332 ms - -[0m
[0mGET /stylesheets/style.css [36m304 [0m0.427 ms - -[0m
[0mGET / [32m200 [0m1.539 ms - 389[0m
[0mHEAD /redirect.php [33m404 [0m1.345 ms - 906[0m
[0mGET / [36m304 [0m1.048 ms - -[0m
[0mGET /stylesheets/style.css [36m304 [0m0.390 ms - -[0m
[0mGET /favicon.ico [33m404 [0m0.887 ms - 906[0m
[0mGET / [36m304 [0m0.790 ms - -[0m
[0mGET /stylesheets/style.css [36m304 [0m0.265 ms - -[0m
[0mGET / [36m304 [0m0.763 ms - -[0m
[0mGET /stylesheets/style.css [36m304 [0m0.262 ms - -[0m
[0mGET /bloglist [36m304 [0m0.959 ms - -[0m
[0mGET /stylesheets/style.css [36m304 [0m0.323 ms - -[0m
[0mGET /blogadd [36m304 [0m0.855 ms - -[0m
[0mGET /stylesheets/style.css [36m304 [0m0.268 ms - -[0m
[0mGET /bloglist [36m304 [0m0.953 ms - -[0m
[0mGET /stylesheets/style.css [36m304 [0m0.272 ms - -[0m
[0mGET / [36m304 [0m0.748 ms - -[0m
[0mGET /stylesheets/style.css [36m304 [0m0.246 ms - -[0m
[0mGET /bloglist [36m304 [0m0.771 ms - -[0m
[0mGET /stylesheets/style.css [36m304 [0m0.805 ms - -[0m
[0mGET /blogadd [36m304 [0m0.784 ms - -[0m
[0mGET /stylesheets/style.css [36m304 [0m0.224 ms - -[0m
[0mGET /bloglist [36m304 [0m0.704 ms - -[0m
[0mGET /stylesheets/style.css [36m304 [0m0.254 ms - -[0m
[0mGET /blogadd [36m304 [0m0.776 ms - -[0m
[0mGET /stylesheets/style.css [36m304 [0m0.248 ms - -[0m
[0mGET /bloglist [36m304 [0m0.836 ms - -[0m
[0mGET /stylesheets/style.css [36m304 [0m0.265 ms - -[0m
[0mGET /bloglist [36m304 [0m0.757 ms - -[0m
[0mGET /stylesheets/style.css [36m304 [0m0.287 ms - -[0m
[0mGET /blogadd [36m304 [0m3.062 ms - -[0m
[0mGET /stylesheets/style.css [36m304 [0m0.282 ms - -[0m
[0mGET /bloglist [36m304 [0m0.795 ms - -[0m
[0mGET /stylesheets/style.css [36m304 [0m0.264 ms - -[0m
[0mGET / [36m304 [0m0.774 ms - -[0m
[0mGET /stylesheets/style.css [36m304 [0m0.231 ms - -[0m

> blogger@0.0.0 start /home/bitnami/blogger
> node ./bin/www

[0mGET / [36m304 [0m11.606 ms - -[0m
[0mGET /stylesheets/style.css [36m304 [0m1.660 ms - -[0m
[0mGET / [36m304 [0m1.377 ms - -[0m
[0mGET /stylesheets/style.css [36m304 [0m0.320 ms - -[0m
[0mGET / [36m304 [0m0.795 ms - -[0m
[0mGET /stylesheets/style.css [36m304 [0m0.239 ms - -[0m
[0mGET / [36m304 [0m0.729 ms - -[0m
[0mGET /stylesheets/style.css [36m304 [0m0.312 ms - -[0m
[0mGET / [36m304 [0m0.818 ms - -[0m
[0mGET /stylesheets/style.css [36m304 [0m0.226 ms - -[0m
[0mGET /bloglist [36m304 [0m1.253 ms - -[0m
[0mGET /stylesheets/style.css [36m304 [0m0.227 ms - -[0m
[0mGET /blogadd [36m304 [0m1.129 ms - -[0m
[0mGET /stylesheets/style.css [36m304 [0m0.290 ms - -[0m
[0mGET /bloglist [36m304 [0m1.016 ms - -[0m
[0mGET /stylesheets/style.css [36m304 [0m0.283 ms - -[0m
[0mGET / [36m304 [0m0.833 ms - -[0m
[0mGET /stylesheets/style.css [36m304 [0m0.294 ms - -[0m
[0mGET /bloglist [36m304 [0m0.825 ms - -[0m
[0mGET /stylesheets/style.css [36m304 [0m0.219 ms - -[0m
[0mGET /blogadd [36m304 [0m1.003 ms - -[0m
[0mGET /stylesheets/style.css [36m304 [0m0.244 ms - -[0m
[0mGET /bloglist [36m304 [0m0.737 ms - -[0m
[0mGET /stylesheets/style.css [36m304 [0m0.284 ms - -[0m
[0mGET /blogadd [36m304 [0m0.773 ms - -[0m
[0mGET /stylesheets/style.css [36m304 [0m0.297 ms - -[0m
[0mGET /bloglist [36m304 [0m0.807 ms - -[0m
[0mGET /stylesheets/style.css [36m304 [0m0.282 ms - -[0m
[0mGET / [36m304 [0m0.840 ms - -[0m
[0mGET /stylesheets/style.css [36m304 [0m0.274 ms - -[0m
